<?xml version="1.0" encoding="UTF-8"?>
<coverage generated="1774008652223" clover="3.2.0">
  <project timestamp="1774008652223" name="All files">
    <metrics statements="149" coveredstatements="145" conditionals="46" coveredconditionals="44" methods="40" coveredmethods="40" elements="235" coveredelements="229" complexity="0" loc="149" ncloc="149" packages="2" files="6" classes="6"/>
    <package name="constants">
      <metrics statements="1" coveredstatements="1" conditionals="0" coveredconditionals="0" methods="0" coveredmethods="0"/>
      <file name="therapists_list.ts" path="/Users/marvin/Documents/programming/SRAD26_Group3/constants/therapists_list.ts">
        <metrics statements="1" coveredstatements="1" conditionals="0" coveredconditionals="0" methods="0" coveredmethods="0"/>
        <line num="8" count="1" type="stmt"/>
      </file>
    </package>
    <package name="contexts">
      <metrics statements="148" coveredstatements="144" conditionals="46" coveredconditionals="44" methods="40" coveredmethods="40"/>
      <file name="appointments-context.tsx" path="/Users/marvin/Documents/programming/SRAD26_Group3/contexts/appointments-context.tsx">
        <metrics statements="23" coveredstatements="22" conditionals="4" coveredconditionals="4" methods="5" coveredmethods="5"/>
        <line num="23" count="1" type="stmt"/>
        <line num="25" count="1" type="stmt"/>
        <line num="27" count="1" type="stmt"/>
        <line num="63" count="20" type="stmt"/>
        <line num="64" count="20" type="stmt"/>
        <line num="66" count="20" type="stmt"/>
        <line num="67" count="8" type="stmt"/>
        <line num="71" count="9" type="stmt"/>
        <line num="72" count="9" type="stmt"/>
        <line num="73" count="9" type="stmt"/>
        <line num="74" count="9" type="cond" truecount="2" falsecount="0"/>
        <line num="75" count="2" type="stmt"/>
        <line num="77" count="7" type="stmt"/>
        <line num="78" count="7" type="stmt"/>
        <line num="81" count="0" type="stmt"/>
        <line num="83" count="9" type="stmt"/>
        <line num="88" count="3" type="stmt"/>
        <line num="89" count="3" type="stmt"/>
        <line num="92" count="20" type="stmt"/>
        <line num="102" count="22" type="stmt"/>
        <line num="103" count="22" type="cond" truecount="2" falsecount="0"/>
        <line num="104" count="2" type="stmt"/>
        <line num="106" count="20" type="stmt"/>
      </file>
      <file name="auth-context.tsx" path="/Users/marvin/Documents/programming/SRAD26_Group3/contexts/auth-context.tsx">
        <metrics statements="48" coveredstatements="47" conditionals="20" coveredconditionals="18" methods="9" coveredmethods="9"/>
        <line num="22" count="1" type="stmt"/>
        <line num="24" count="1" type="stmt"/>
        <line num="25" count="1" type="stmt"/>
        <line num="28" count="46" type="stmt"/>
        <line num="29" count="46" type="stmt"/>
        <line num="31" count="46" type="stmt"/>
        <line num="32" count="20" type="stmt"/>
        <line num="36" count="20" type="stmt"/>
        <line num="37" count="20" type="stmt"/>
        <line num="38" count="20" type="cond" truecount="1" falsecount="1"/>
        <line num="39" count="0" type="stmt"/>
        <line num="44" count="20" type="stmt"/>
        <line num="49" count="20" type="stmt"/>
        <line num="50" count="20" type="cond" truecount="2" falsecount="0"/>
        <line num="54" count="20" type="stmt"/>
        <line num="56" count="20" type="cond" truecount="2" falsecount="0"/>
        <line num="57" count="1" type="stmt"/>
        <line num="60" count="19" type="cond" truecount="2" falsecount="0"/>
        <line num="61" count="1" type="stmt"/>
        <line num="64" count="18" type="cond" truecount="2" falsecount="0"/>
        <line num="65" count="2" type="stmt"/>
        <line num="68" count="16" type="stmt"/>
        <line num="70" count="16" type="cond" truecount="2" falsecount="0"/>
        <line num="71" count="1" type="stmt"/>
        <line num="74" count="15" type="stmt"/>
        <line num="75" count="15" type="stmt"/>
        <line num="77" count="15" type="stmt"/>
        <line num="78" count="15" type="stmt"/>
        <line num="79" count="15" type="stmt"/>
        <line num="83" count="4" type="stmt"/>
        <line num="84" count="4" type="stmt"/>
        <line num="85" count="4" type="stmt"/>
        <line num="87" count="4" type="cond" truecount="4" falsecount="0"/>
        <line num="88" count="2" type="stmt"/>
        <line num="91" count="2" type="stmt"/>
        <line num="92" count="2" type="stmt"/>
        <line num="93" count="2" type="stmt"/>
        <line num="97" count="5" type="stmt"/>
        <line num="98" count="5" type="stmt"/>
        <line num="102" count="4" type="cond" truecount="1" falsecount="1"/>
        <line num="104" count="4" type="stmt"/>
        <line num="105" count="4" type="stmt"/>
        <line num="106" count="4" type="stmt"/>
        <line num="109" count="46" type="stmt"/>
        <line num="117" count="48" type="stmt"/>
        <line num="118" count="48" type="cond" truecount="2" falsecount="0"/>
        <line num="119" count="2" type="stmt"/>
        <line num="121" count="46" type="stmt"/>
      </file>
      <file name="availability-context.tsx" path="/Users/marvin/Documents/programming/SRAD26_Group3/contexts/availability-context.tsx">
        <metrics statements="34" coveredstatements="33" conditionals="10" coveredconditionals="10" methods="13" coveredmethods="13"/>
        <line num="23" count="1" type="stmt"/>
        <line num="25" count="1" type="stmt"/>
        <line num="29" count="31" type="stmt"/>
        <line num="30" count="31" type="stmt"/>
        <line num="33" count="31" type="stmt"/>
        <line num="34" count="11" type="stmt"/>
        <line num="35" count="11" type="stmt"/>
        <line num="36" count="11" type="stmt"/>
        <line num="37" count="11" type="cond" truecount="2" falsecount="0"/>
        <line num="39" count="0" type="stmt"/>
        <line num="41" count="11" type="stmt"/>
        <line num="47" count="31" type="stmt"/>
        <line num="48" count="9" type="stmt"/>
        <line num="49" count="9" type="stmt"/>
        <line num="53" count="31" type="stmt"/>
        <line num="55" count="7" type="stmt"/>
        <line num="59" count="7" type="stmt"/>
        <line num="60" count="6" type="cond" truecount="2" falsecount="0"/>
        <line num="62" count="7" type="stmt"/>
        <line num="67" count="31" type="stmt"/>
        <line num="69" count="3" type="stmt"/>
        <line num="75" count="31" type="stmt"/>
        <line num="77" count="4" type="cond" truecount="2" falsecount="0"/>
        <line num="81" count="31" type="stmt"/>
        <line num="83" count="7" type="stmt"/>
        <line num="84" count="3" type="stmt"/>
        <line num="85" count="3" type="stmt"/>
        <line num="86" count="6" type="cond" truecount="2" falsecount="0"/>
        <line num="87" count="3" type="stmt"/>
        <line num="90" count="3" type="stmt"/>
        <line num="95" count="31" type="stmt"/>
        <line num="111" count="33" type="stmt"/>
        <line num="112" count="33" type="cond" truecount="2" falsecount="0"/>
        <line num="113" count="31" type="stmt"/>
      </file>
      <file name="available-appointments-context.tsx" path="/Users/marvin/Documents/programming/SRAD26_Group3/contexts/available-appointments-context.tsx">
        <metrics statements="7" coveredstatements="7" conditionals="2" coveredconditionals="2" methods="2" coveredmethods="2"/>
        <line num="17" count="1" type="stmt"/>
        <line num="74" count="1" type="stmt"/>
        <line num="77" count="15" type="stmt"/>
        <line num="85" count="17" type="stmt"/>
        <line num="86" count="17" type="cond" truecount="2" falsecount="0"/>
        <line num="87" count="2" type="stmt"/>
        <line num="89" count="15" type="stmt"/>
      </file>
      <file name="workshops-context.tsx" path="/Users/marvin/Documents/programming/SRAD26_Group3/contexts/workshops-context.tsx">
        <metrics statements="36" coveredstatements="35" conditionals="10" coveredconditionals="10" methods="11" coveredmethods="11"/>
        <line num="24" count="1" type="stmt"/>
        <line num="26" count="1" type="stmt"/>
        <line num="28" count="1" type="stmt"/>
        <line num="52" count="37" type="stmt"/>
        <line num="53" count="37" type="stmt"/>
        <line num="55" count="37" type="stmt"/>
        <line num="56" count="13" type="stmt"/>
        <line num="60" count="13" type="stmt"/>
        <line num="61" count="13" type="stmt"/>
        <line num="62" count="13" type="stmt"/>
        <line num="63" count="13" type="cond" truecount="2" falsecount="0"/>
        <line num="64" count="4" type="stmt"/>
        <line num="66" count="9" type="stmt"/>
        <line num="67" count="9" type="stmt"/>
        <line num="70" count="0" type="stmt"/>
        <line num="72" count="13" type="stmt"/>
        <line num="77" count="11" type="stmt"/>
        <line num="78" count="11" type="stmt"/>
        <line num="82" count="3" type="stmt"/>
        <line num="88" count="3" type="stmt"/>
        <line num="92" count="6" type="stmt"/>
        <line num="93" count="9" type="cond" truecount="2" falsecount="0"/>
        <line num="95" count="5" type="stmt"/>
        <line num="96" count="5" type="stmt"/>
        <line num="98" count="5" type="cond" truecount="2" falsecount="0"/>
        <line num="99" count="5" type="stmt"/>
        <line num="102" count="2" type="cond" truecount="2" falsecount="0"/>
        <line num="103" count="1" type="stmt"/>
        <line num="106" count="1" type="stmt"/>
        <line num="109" count="6" type="stmt"/>
        <line num="113" count="4" type="stmt"/>
        <line num="116" count="37" type="stmt"/>
        <line num="126" count="39" type="stmt"/>
        <line num="127" count="39" type="cond" truecount="2" falsecount="0"/>
        <line num="128" count="2" type="stmt"/>
        <line num="130" count="37" type="stmt"/>
      </file>
    </package>
  </project>
</coverage>
