{"/Users/marvin/Documents/programming/SRAD26_Group3/constants/therapists_list.ts": {"path":"/Users/marvin/Documents/programming/SRAD26_Group3/constants/therapists_list.ts","statementMap":{"0":{"start":{"line":8,"column":39},"end":{"line":12,"column":1}}},"fnMap":{},"branchMap":{},"s":{"0":1},"f":{},"b":{},"_coverageSchema":"1a1c01bbd47fc00a2c39e90264f33305004495a9","hash":"2b6d4a49b4f40418685a643b433bb264d8e2f277"}
,"/Users/marvin/Documents/programming/SRAD26_Group3/contexts/appointments-context.tsx": {"path":"/Users/marvin/Documents/programming/SRAD26_Group3/contexts/appointments-context.tsx","statementMap":{"0":{"start":{"line":23,"column":28},"end":{"line":23,"column":89}},"1":{"start":{"line":25,"column":25},"end":{"line":25,"column":49}},"2":{"start":{"line":27,"column":53},"end":{"line":60,"column":1}},"3":{"start":{"line":63,"column":47},"end":{"line":63,"column":83}},"4":{"start":{"line":64,"column":36},"end":{"line":64,"column":50}},"5":{"start":{"line":66,"column":2},"end":{"line":68,"column":9}},"6":{"start":{"line":67,"column":4},"end":{"line":67,"column":14}},"7":{"start":{"line":71,"column":4},"end":{"line":71,"column":23}},"8":{"start":{"line":72,"column":4},"end":{"line":84,"column":5}},"9":{"start":{"line":73,"column":21},"end":{"line":73,"column":65}},"10":{"start":{"line":74,"column":6},"end":{"line":79,"column":7}},"11":{"start":{"line":75,"column":8},"end":{"line":75,"column":49}},"12":{"start":{"line":77,"column":8},"end":{"line":77,"column":91}},"13":{"start":{"line":78,"column":8},"end":{"line":78,"column":51}},"14":{"start":{"line":81,"column":6},"end":{"line":81,"column":49}},"15":{"start":{"line":83,"column":6},"end":{"line":83,"column":26}},"16":{"start":{"line":88,"column":4},"end":{"line":88,"column":71}},"17":{"start":{"line":89,"column":4},"end":{"line":89,"column":31}},"18":{"start":{"line":92,"column":2},"end":{"line":98,"column":4}},"19":{"start":{"line":102,"column":18},"end":{"line":102,"column":49}},"20":{"start":{"line":103,"column":2},"end":{"line":105,"column":3}},"21":{"start":{"line":104,"column":4},"end":{"line":104,"column":83}},"22":{"start":{"line":106,"column":2},"end":{"line":106,"column":17}}},"fnMap":{"0":{"name":"AppointmentsProvider","decl":{"start":{"line":62,"column":16},"end":{"line":62,"column":36}},"loc":{"start":{"line":62,"column":82},"end":{"line":99,"column":1}},"line":62},"1":{"name":"(anonymous_1)","decl":{"start":{"line":66,"column":12},"end":{"line":66,"column":13}},"loc":{"start":{"line":66,"column":18},"end":{"line":68,"column":3}},"line":66},"2":{"name":"refresh","decl":{"start":{"line":70,"column":17},"end":{"line":70,"column":24}},"loc":{"start":{"line":70,"column":27},"end":{"line":85,"column":3}},"line":70},"3":{"name":"setAppointments","decl":{"start":{"line":87,"column":17},"end":{"line":87,"column":32}},"loc":{"start":{"line":87,"column":63},"end":{"line":90,"column":3}},"line":87},"4":{"name":"useAppointments","decl":{"start":{"line":101,"column":16},"end":{"line":101,"column":31}},"loc":{"start":{"line":101,"column":34},"end":{"line":107,"column":1}},"line":101}},"branchMap":{"0":{"loc":{"start":{"line":74,"column":6},"end":{"line":79,"column":7}},"type":"if","locations":[{"start":{"line":74,"column":6},"end":{"line":79,"column":7}},{"start":{"line":76,"column":13},"end":{"line":79,"column":7}}],"line":74},"1":{"loc":{"start":{"line":103,"column":2},"end":{"line":105,"column":3}},"type":"if","locations":[{"start":{"line":103,"column":2},"end":{"line":105,"column":3}},{"start":{},"end":{}}],"line":103}},"s":{"0":1,"1":1,"2":1,"3":20,"4":20,"5":20,"6":8,"7":9,"8":9,"9":9,"10":9,"11":2,"12":7,"13":7,"14":0,"15":9,"16":3,"17":3,"18":20,"19":22,"20":22,"21":2,"22":20},"f":{"0":20,"1":8,"2":9,"3":3,"4":22},"b":{"0":[2,7],"1":[2,20]},"_coverageSchema":"1a1c01bbd47fc00a2c39e90264f33305004495a9","hash":"6cdef8124fa74a7b417783891b5cbbadb0ae0875"}
,"/Users/marvin/Documents/programming/SRAD26_Group3/contexts/auth-context.tsx": {"path":"/Users/marvin/Documents/programming/SRAD26_Group3/contexts/auth-context.tsx","statementMap":{"0":{"start":{"line":22,"column":20},"end":{"line":22,"column":73}},"1":{"start":{"line":24,"column":18},"end":{"line":24,"column":35}},"2":{"start":{"line":25,"column":25},"end":{"line":25,"column":49}},"3":{"start":{"line":28,"column":26},"end":{"line":28,"column":53}},"4":{"start":{"line":29,"column":36},"end":{"line":29,"column":50}},"5":{"start":{"line":31,"column":2},"end":{"line":33,"column":9}},"6":{"start":{"line":32,"column":4},"end":{"line":32,"column":21}},"7":{"start":{"line":36,"column":4},"end":{"line":45,"column":5}},"8":{"start":{"line":37,"column":21},"end":{"line":37,"column":65}},"9":{"start":{"line":38,"column":6},"end":{"line":40,"column":7}},"10":{"start":{"line":39,"column":8},"end":{"line":39,"column":36}},"11":{"start":{"line":44,"column":6},"end":{"line":44,"column":26}},"12":{"start":{"line":49,"column":16},"end":{"line":49,"column":53}},"13":{"start":{"line":50,"column":4},"end":{"line":50,"column":38}},"14":{"start":{"line":54,"column":28},"end":{"line":54,"column":54}},"15":{"start":{"line":56,"column":4},"end":{"line":58,"column":5}},"16":{"start":{"line":57,"column":6},"end":{"line":57,"column":76}},"17":{"start":{"line":60,"column":4},"end":{"line":62,"column":5}},"18":{"start":{"line":61,"column":6},"end":{"line":61,"column":64}},"19":{"start":{"line":64,"column":4},"end":{"line":66,"column":5}},"20":{"start":{"line":65,"column":6},"end":{"line":65,"column":42}},"21":{"start":{"line":68,"column":18},"end":{"line":68,"column":40}},"22":{"start":{"line":70,"column":4},"end":{"line":72,"column":5}},"23":{"start":{"line":71,"column":6},"end":{"line":71,"column":67}},"24":{"start":{"line":74,"column":4},"end":{"line":74,"column":67}},"25":{"start":{"line":75,"column":4},"end":{"line":75,"column":65}},"26":{"start":{"line":77,"column":26},"end":{"line":77,"column":77}},"27":{"start":{"line":78,"column":4},"end":{"line":78,"column":74}},"28":{"start":{"line":79,"column":4},"end":{"line":79,"column":21}},"29":{"start":{"line":83,"column":28},"end":{"line":83,"column":54}},"30":{"start":{"line":84,"column":18},"end":{"line":84,"column":40}},"31":{"start":{"line":85,"column":19},"end":{"line":85,"column":41}},"32":{"start":{"line":87,"column":4},"end":{"line":89,"column":5}},"33":{"start":{"line":88,"column":6},"end":{"line":88,"column":51}},"34":{"start":{"line":91,"column":31},"end":{"line":91,"column":95}},"35":{"start":{"line":92,"column":4},"end":{"line":92,"column":79}},"36":{"start":{"line":93,"column":4},"end":{"line":93,"column":26}},"37":{"start":{"line":97,"column":4},"end":{"line":97,"column":52}},"38":{"start":{"line":98,"column":4},"end":{"line":98,"column":18}},"39":{"start":{"line":102,"column":2},"end":{"line":102,"column":20}},"40":{"start":{"line":102,"column":13},"end":{"line":102,"column":20}},"41":{"start":{"line":104,"column":28},"end":{"line":104,"column":73}},"42":{"start":{"line":105,"column":2},"end":{"line":105,"column":76}},"43":{"start":{"line":106,"column":2},"end":{"line":106,"column":23}},"44":{"start":{"line":109,"column":2},"end":{"line":113,"column":4}},"45":{"start":{"line":117,"column":18},"end":{"line":117,"column":41}},"46":{"start":{"line":118,"column":2},"end":{"line":120,"column":3}},"47":{"start":{"line":119,"column":4},"end":{"line":119,"column":67}},"48":{"start":{"line":121,"column":2},"end":{"line":121,"column":17}}},"fnMap":{"0":{"name":"AuthProvider","decl":{"start":{"line":27,"column":16},"end":{"line":27,"column":28}},"loc":{"start":{"line":27,"column":74},"end":{"line":114,"column":1}},"line":27},"1":{"name":"(anonymous_1)","decl":{"start":{"line":31,"column":12},"end":{"line":31,"column":13}},"loc":{"start":{"line":31,"column":18},"end":{"line":33,"column":3}},"line":31},"2":{"name":"loadStoredUser","decl":{"start":{"line":35,"column":17},"end":{"line":35,"column":31}},"loc":{"start":{"line":35,"column":34},"end":{"line":46,"column":3}},"line":35},"3":{"name":"getStoredUsers","decl":{"start":{"line":48,"column":17},"end":{"line":48,"column":31}},"loc":{"start":{"line":48,"column":111},"end":{"line":51,"column":3}},"line":48},"4":{"name":"register","decl":{"start":{"line":53,"column":17},"end":{"line":53,"column":25}},"loc":{"start":{"line":53,"column":89},"end":{"line":80,"column":3}},"line":53},"5":{"name":"login","decl":{"start":{"line":82,"column":17},"end":{"line":82,"column":22}},"loc":{"start":{"line":82,"column":56},"end":{"line":94,"column":3}},"line":82},"6":{"name":"logout","decl":{"start":{"line":96,"column":17},"end":{"line":96,"column":23}},"loc":{"start":{"line":96,"column":26},"end":{"line":99,"column":3}},"line":96},"7":{"name":"selectTherapist","decl":{"start":{"line":101,"column":17},"end":{"line":101,"column":32}},"loc":{"start":{"line":101,"column":54},"end":{"line":107,"column":1}},"line":101},"8":{"name":"useAuth","decl":{"start":{"line":116,"column":16},"end":{"line":116,"column":23}},"loc":{"start":{"line":116,"column":26},"end":{"line":122,"column":1}},"line":116}},"branchMap":{"0":{"loc":{"start":{"line":38,"column":6},"end":{"line":40,"column":7}},"type":"if","locations":[{"start":{"line":38,"column":6},"end":{"line":40,"column":7}},{"start":{},"end":{}}],"line":38},"1":{"loc":{"start":{"line":50,"column":11},"end":{"line":50,"column":37}},"type":"cond-expr","locations":[{"start":{"line":50,"column":17},"end":{"line":50,"column":32}},{"start":{"line":50,"column":35},"end":{"line":50,"column":37}}],"line":50},"2":{"loc":{"start":{"line":56,"column":4},"end":{"line":58,"column":5}},"type":"if","locations":[{"start":{"line":56,"column":4},"end":{"line":58,"column":5}},{"start":{},"end":{}}],"line":56},"3":{"loc":{"start":{"line":60,"column":4},"end":{"line":62,"column":5}},"type":"if","locations":[{"start":{"line":60,"column":4},"end":{"line":62,"column":5}},{"start":{},"end":{}}],"line":60},"4":{"loc":{"start":{"line":64,"column":4},"end":{"line":66,"column":5}},"type":"if","locations":[{"start":{"line":64,"column":4},"end":{"line":66,"column":5}},{"start":{},"end":{}}],"line":64},"5":{"loc":{"start":{"line":70,"column":4},"end":{"line":72,"column":5}},"type":"if","locations":[{"start":{"line":70,"column":4},"end":{"line":72,"column":5}},{"start":{},"end":{}}],"line":70},"6":{"loc":{"start":{"line":87,"column":4},"end":{"line":89,"column":5}},"type":"if","locations":[{"start":{"line":87,"column":4},"end":{"line":89,"column":5}},{"start":{},"end":{}}],"line":87},"7":{"loc":{"start":{"line":87,"column":8},"end":{"line":87,"column":47}},"type":"binary-expr","locations":[{"start":{"line":87,"column":8},"end":{"line":87,"column":15}},{"start":{"line":87,"column":19},"end":{"line":87,"column":47}}],"line":87},"8":{"loc":{"start":{"line":102,"column":2},"end":{"line":102,"column":20}},"type":"if","locations":[{"start":{"line":102,"column":2},"end":{"line":102,"column":20}},{"start":{},"end":{}}],"line":102},"9":{"loc":{"start":{"line":118,"column":2},"end":{"line":120,"column":3}},"type":"if","locations":[{"start":{"line":118,"column":2},"end":{"line":120,"column":3}},{"start":{},"end":{}}],"line":118}},"s":{"0":1,"1":1,"2":1,"3":46,"4":46,"5":46,"6":20,"7":20,"8":20,"9":20,"10":0,"11":20,"12":20,"13":20,"14":20,"15":20,"16":1,"17":19,"18":1,"19":18,"20":2,"21":16,"22":16,"23":1,"24":15,"25":15,"26":15,"27":15,"28":15,"29":4,"30":4,"31":4,"32":4,"33":2,"34":2,"35":2,"36":2,"37":5,"38":5,"39":4,"40":0,"41":4,"42":4,"43":4,"44":46,"45":48,"46":48,"47":2,"48":46},"f":{"0":46,"1":20,"2":20,"3":20,"4":20,"5":4,"6":5,"7":4,"8":48},"b":{"0":[0,20],"1":[4,16],"2":[1,19],"3":[1,18],"4":[2,16],"5":[1,15],"6":[2,2],"7":[4,3],"8":[0,4],"9":[2,46]},"_coverageSchema":"1a1c01bbd47fc00a2c39e90264f33305004495a9","hash":"35f90135ccd22c8f602c1ee982cc0c4487bed320"}
,"/Users/marvin/Documents/programming/SRAD26_Group3/contexts/availability-context.tsx": {"path":"/Users/marvin/Documents/programming/SRAD26_Group3/contexts/availability-context.tsx","statementMap":{"0":{"start":{"line":23,"column":20},"end":{"line":23,"column":44}},"1":{"start":{"line":25,"column":28},"end":{"line":25,"column":89}},"2":{"start":{"line":29,"column":28},"end":{"line":29,"column":52}},"3":{"start":{"line":30,"column":36},"end":{"line":30,"column":50}},"4":{"start":{"line":33,"column":2},"end":{"line":44,"column":9}},"5":{"start":{"line":34,"column":4},"end":{"line":43,"column":9}},"6":{"start":{"line":35,"column":6},"end":{"line":42,"column":7}},"7":{"start":{"line":36,"column":23},"end":{"line":36,"column":62}},"8":{"start":{"line":37,"column":8},"end":{"line":37,"column":49}},"9":{"start":{"line":37,"column":20},"end":{"line":37,"column":49}},"10":{"start":{"line":39,"column":8},"end":{"line":39,"column":56}},"11":{"start":{"line":41,"column":8},"end":{"line":41,"column":28}},"12":{"start":{"line":47,"column":18},"end":{"line":50,"column":3}},"13":{"start":{"line":48,"column":4},"end":{"line":48,"column":19}},"14":{"start":{"line":49,"column":4},"end":{"line":49,"column":66}},"15":{"start":{"line":53,"column":18},"end":{"line":65,"column":3}},"16":{"start":{"line":55,"column":32},"end":{"line":58,"column":7}},"17":{"start":{"line":59,"column":19},"end":{"line":61,"column":7}},"18":{"start":{"line":60,"column":18},"end":{"line":60,"column":88}},"19":{"start":{"line":62,"column":6},"end":{"line":62,"column":26}},"20":{"start":{"line":67,"column":21},"end":{"line":72,"column":3}},"21":{"start":{"line":69,"column":6},"end":{"line":69,"column":58}},"22":{"start":{"line":69,"column":40},"end":{"line":69,"column":55}},"23":{"start":{"line":75,"column":26},"end":{"line":79,"column":3}},"24":{"start":{"line":77,"column":6},"end":{"line":77,"column":81}},"25":{"start":{"line":77,"column":26},"end":{"line":77,"column":80}},"26":{"start":{"line":81,"column":25},"end":{"line":93,"column":3}},"27":{"start":{"line":83,"column":23},"end":{"line":83,"column":79}},"28":{"start":{"line":83,"column":43},"end":{"line":83,"column":78}},"29":{"start":{"line":84,"column":73},"end":{"line":84,"column":75}},"30":{"start":{"line":85,"column":6},"end":{"line":89,"column":7}},"31":{"start":{"line":86,"column":8},"end":{"line":88,"column":9}},"32":{"start":{"line":87,"column":10},"end":{"line":87,"column":62}},"33":{"start":{"line":90,"column":6},"end":{"line":90,"column":17}},"34":{"start":{"line":95,"column":2},"end":{"line":107,"column":4}},"35":{"start":{"line":111,"column":14},"end":{"line":111,"column":45}},"36":{"start":{"line":112,"column":2},"end":{"line":112,"column":88}},"37":{"start":{"line":112,"column":12},"end":{"line":112,"column":88}},"38":{"start":{"line":113,"column":2},"end":{"line":113,"column":13}}},"fnMap":{"0":{"name":"AvailabilityProvider","decl":{"start":{"line":28,"column":16},"end":{"line":28,"column":36}},"loc":{"start":{"line":28,"column":82},"end":{"line":108,"column":1}},"line":28},"1":{"name":"(anonymous_1)","decl":{"start":{"line":33,"column":12},"end":{"line":33,"column":13}},"loc":{"start":{"line":33,"column":18},"end":{"line":44,"column":3}},"line":33},"2":{"name":"(anonymous_2)","decl":{"start":{"line":34,"column":5},"end":{"line":34,"column":6}},"loc":{"start":{"line":34,"column":17},"end":{"line":43,"column":5}},"line":34},"3":{"name":"(anonymous_3)","decl":{"start":{"line":47,"column":18},"end":{"line":47,"column":19}},"loc":{"start":{"line":47,"column":46},"end":{"line":50,"column":3}},"line":47},"4":{"name":"(anonymous_4)","decl":{"start":{"line":54,"column":4},"end":{"line":54,"column":5}},"loc":{"start":{"line":54,"column":42},"end":{"line":63,"column":5}},"line":54},"5":{"name":"(anonymous_5)","decl":{"start":{"line":60,"column":8},"end":{"line":60,"column":9}},"loc":{"start":{"line":60,"column":18},"end":{"line":60,"column":88}},"line":60},"6":{"name":"(anonymous_6)","decl":{"start":{"line":68,"column":4},"end":{"line":68,"column":5}},"loc":{"start":{"line":68,"column":30},"end":{"line":70,"column":5}},"line":68},"7":{"name":"(anonymous_7)","decl":{"start":{"line":69,"column":33},"end":{"line":69,"column":34}},"loc":{"start":{"line":69,"column":40},"end":{"line":69,"column":55}},"line":69},"8":{"name":"(anonymous_8)","decl":{"start":{"line":76,"column":4},"end":{"line":76,"column":5}},"loc":{"start":{"line":77,"column":6},"end":{"line":77,"column":81}},"line":77},"9":{"name":"(anonymous_9)","decl":{"start":{"line":77,"column":19},"end":{"line":77,"column":20}},"loc":{"start":{"line":77,"column":26},"end":{"line":77,"column":80}},"line":77},"10":{"name":"(anonymous_10)","decl":{"start":{"line":82,"column":4},"end":{"line":82,"column":5}},"loc":{"start":{"line":82,"column":32},"end":{"line":91,"column":5}},"line":82},"11":{"name":"(anonymous_11)","decl":{"start":{"line":83,"column":36},"end":{"line":83,"column":37}},"loc":{"start":{"line":83,"column":43},"end":{"line":83,"column":78}},"line":83},"12":{"name":"useAvailability","decl":{"start":{"line":110,"column":16},"end":{"line":110,"column":31}},"loc":{"start":{"line":110,"column":34},"end":{"line":114,"column":1}},"line":110}},"branchMap":{"0":{"loc":{"start":{"line":37,"column":8},"end":{"line":37,"column":49}},"type":"if","locations":[{"start":{"line":37,"column":8},"end":{"line":37,"column":49}},{"start":{},"end":{}}],"line":37},"1":{"loc":{"start":{"line":60,"column":18},"end":{"line":60,"column":88}},"type":"binary-expr","locations":[{"start":{"line":60,"column":18},"end":{"line":60,"column":46}},{"start":{"line":60,"column":50},"end":{"line":60,"column":88}}],"line":60},"2":{"loc":{"start":{"line":77,"column":26},"end":{"line":77,"column":80}},"type":"binary-expr","locations":[{"start":{"line":77,"column":26},"end":{"line":77,"column":41}},{"start":{"line":77,"column":45},"end":{"line":77,"column":80}}],"line":77},"3":{"loc":{"start":{"line":86,"column":8},"end":{"line":88,"column":9}},"type":"if","locations":[{"start":{"line":86,"column":8},"end":{"line":88,"column":9}},{"start":{},"end":{}}],"line":86},"4":{"loc":{"start":{"line":112,"column":2},"end":{"line":112,"column":88}},"type":"if","locations":[{"start":{"line":112,"column":2},"end":{"line":112,"column":88}},{"start":{},"end":{}}],"line":112}},"s":{"0":1,"1":1,"2":31,"3":31,"4":31,"5":11,"6":11,"7":11,"8":11,"9":5,"10":0,"11":11,"12":31,"13":9,"14":9,"15":31,"16":7,"17":7,"18":6,"19":7,"20":31,"21":2,"22":3,"23":31,"24":2,"25":4,"26":31,"27":3,"28":7,"29":3,"30":3,"31":6,"32":3,"33":3,"34":31,"35":33,"36":33,"37":2,"38":31},"f":{"0":31,"1":11,"2":11,"3":9,"4":7,"5":6,"6":2,"7":3,"8":2,"9":4,"10":3,"11":7,"12":33},"b":{"0":[5,6],"1":[6,2],"2":[4,3],"3":[3,3],"4":[2,31]},"_coverageSchema":"1a1c01bbd47fc00a2c39e90264f33305004495a9","hash":"1988a302cfe2e8ade2153272028a185e8f37837b"}
,"/Users/marvin/Documents/programming/SRAD26_Group3/contexts/available-appointments-context.tsx": {"path":"/Users/marvin/Documents/programming/SRAD26_Group3/contexts/available-appointments-context.tsx","statementMap":{"0":{"start":{"line":17,"column":50},"end":{"line":72,"column":1}},"1":{"start":{"line":74,"column":37},"end":{"line":74,"column":107}},"2":{"start":{"line":77,"column":2},"end":{"line":81,"column":4}},"3":{"start":{"line":85,"column":18},"end":{"line":85,"column":58}},"4":{"start":{"line":86,"column":2},"end":{"line":88,"column":3}},"5":{"start":{"line":87,"column":4},"end":{"line":87,"column":101}},"6":{"start":{"line":89,"column":2},"end":{"line":89,"column":17}}},"fnMap":{"0":{"name":"AvailableAppointmentsProvider","decl":{"start":{"line":76,"column":16},"end":{"line":76,"column":45}},"loc":{"start":{"line":76,"column":91},"end":{"line":82,"column":1}},"line":76},"1":{"name":"useAvailableAppointments","decl":{"start":{"line":84,"column":16},"end":{"line":84,"column":40}},"loc":{"start":{"line":84,"column":43},"end":{"line":90,"column":1}},"line":84}},"branchMap":{"0":{"loc":{"start":{"line":86,"column":2},"end":{"line":88,"column":3}},"type":"if","locations":[{"start":{"line":86,"column":2},"end":{"line":88,"column":3}},{"start":{},"end":{}}],"line":86}},"s":{"0":1,"1":1,"2":15,"3":17,"4":17,"5":2,"6":15},"f":{"0":15,"1":17},"b":{"0":[2,15]},"_coverageSchema":"1a1c01bbd47fc00a2c39e90264f33305004495a9","hash":"697bc42361fe9f76703507ca12fb51512f41bf7f"}
,"/Users/marvin/Documents/programming/SRAD26_Group3/contexts/workshops-context.tsx": {"path":"/Users/marvin/Documents/programming/SRAD26_Group3/contexts/workshops-context.tsx","statementMap":{"0":{"start":{"line":24,"column":25},"end":{"line":24,"column":83}},"1":{"start":{"line":26,"column":22},"end":{"line":26,"column":43}},"2":{"start":{"line":28,"column":38},"end":{"line":49,"column":1}},"3":{"start":{"line":52,"column":41},"end":{"line":52,"column":65}},"4":{"start":{"line":53,"column":36},"end":{"line":53,"column":50}},"5":{"start":{"line":55,"column":2},"end":{"line":57,"column":9}},"6":{"start":{"line":56,"column":4},"end":{"line":56,"column":14}},"7":{"start":{"line":60,"column":4},"end":{"line":60,"column":23}},"8":{"start":{"line":61,"column":4},"end":{"line":73,"column":5}},"9":{"start":{"line":62,"column":21},"end":{"line":62,"column":62}},"10":{"start":{"line":63,"column":6},"end":{"line":68,"column":7}},"11":{"start":{"line":64,"column":8},"end":{"line":64,"column":46}},"12":{"start":{"line":66,"column":8},"end":{"line":66,"column":85}},"13":{"start":{"line":67,"column":8},"end":{"line":67,"column":45}},"14":{"start":{"line":70,"column":6},"end":{"line":70,"column":43}},"15":{"start":{"line":72,"column":6},"end":{"line":72,"column":26}},"16":{"start":{"line":77,"column":4},"end":{"line":77,"column":68}},"17":{"start":{"line":78,"column":4},"end":{"line":78,"column":28}},"18":{"start":{"line":82,"column":27},"end":{"line":86,"column":5}},"19":{"start":{"line":88,"column":4},"end":{"line":88,"column":40}},"20":{"start":{"line":92,"column":17},"end":{"line":107,"column":6}},"21":{"start":{"line":93,"column":6},"end":{"line":93,"column":54}},"22":{"start":{"line":93,"column":38},"end":{"line":93,"column":54}},"23":{"start":{"line":95,"column":32},"end":{"line":95,"column":71}},"24":{"start":{"line":96,"column":21},"end":{"line":96,"column":75}},"25":{"start":{"line":98,"column":6},"end":{"line":100,"column":7}},"26":{"start":{"line":99,"column":8},"end":{"line":99,"column":95}},"27":{"start":{"line":99,"column":76},"end":{"line":99,"column":91}},"28":{"start":{"line":102,"column":6},"end":{"line":104,"column":7}},"29":{"start":{"line":103,"column":8},"end":{"line":103,"column":24}},"30":{"start":{"line":106,"column":6},"end":{"line":106,"column":78}},"31":{"start":{"line":109,"column":4},"end":{"line":109,"column":24}},"32":{"start":{"line":113,"column":4},"end":{"line":113,"column":64}},"33":{"start":{"line":113,"column":42},"end":{"line":113,"column":61}},"34":{"start":{"line":116,"column":2},"end":{"line":122,"column":4}},"35":{"start":{"line":126,"column":18},"end":{"line":126,"column":46}},"36":{"start":{"line":127,"column":2},"end":{"line":129,"column":3}},"37":{"start":{"line":128,"column":4},"end":{"line":128,"column":76}},"38":{"start":{"line":130,"column":2},"end":{"line":130,"column":17}}},"fnMap":{"0":{"name":"WorkshopsProvider","decl":{"start":{"line":51,"column":16},"end":{"line":51,"column":33}},"loc":{"start":{"line":51,"column":79},"end":{"line":123,"column":1}},"line":51},"1":{"name":"(anonymous_1)","decl":{"start":{"line":55,"column":12},"end":{"line":55,"column":13}},"loc":{"start":{"line":55,"column":18},"end":{"line":57,"column":3}},"line":55},"2":{"name":"refresh","decl":{"start":{"line":59,"column":17},"end":{"line":59,"column":24}},"loc":{"start":{"line":59,"column":27},"end":{"line":74,"column":3}},"line":59},"3":{"name":"persist","decl":{"start":{"line":76,"column":17},"end":{"line":76,"column":24}},"loc":{"start":{"line":76,"column":43},"end":{"line":79,"column":3}},"line":76},"4":{"name":"createWorkshop","decl":{"start":{"line":81,"column":17},"end":{"line":81,"column":31}},"loc":{"start":{"line":81,"column":79},"end":{"line":89,"column":3}},"line":81},"5":{"name":"toggleRegistration","decl":{"start":{"line":91,"column":17},"end":{"line":91,"column":35}},"loc":{"start":{"line":91,"column":75},"end":{"line":110,"column":3}},"line":91},"6":{"name":"(anonymous_6)","decl":{"start":{"line":92,"column":31},"end":{"line":92,"column":32}},"loc":{"start":{"line":92,"column":45},"end":{"line":107,"column":5}},"line":92},"7":{"name":"(anonymous_7)","decl":{"start":{"line":99,"column":69},"end":{"line":99,"column":70}},"loc":{"start":{"line":99,"column":76},"end":{"line":99,"column":91}},"line":99},"8":{"name":"removeWorkshop","decl":{"start":{"line":112,"column":17},"end":{"line":112,"column":31}},"loc":{"start":{"line":112,"column":52},"end":{"line":114,"column":3}},"line":112},"9":{"name":"(anonymous_9)","decl":{"start":{"line":113,"column":35},"end":{"line":113,"column":36}},"loc":{"start":{"line":113,"column":42},"end":{"line":113,"column":61}},"line":113},"10":{"name":"useWorkshops","decl":{"start":{"line":125,"column":16},"end":{"line":125,"column":28}},"loc":{"start":{"line":125,"column":31},"end":{"line":131,"column":1}},"line":125}},"branchMap":{"0":{"loc":{"start":{"line":63,"column":6},"end":{"line":68,"column":7}},"type":"if","locations":[{"start":{"line":63,"column":6},"end":{"line":68,"column":7}},{"start":{"line":65,"column":13},"end":{"line":68,"column":7}}],"line":63},"1":{"loc":{"start":{"line":93,"column":6},"end":{"line":93,"column":54}},"type":"if","locations":[{"start":{"line":93,"column":6},"end":{"line":93,"column":54}},{"start":{},"end":{}}],"line":93},"2":{"loc":{"start":{"line":98,"column":6},"end":{"line":100,"column":7}},"type":"if","locations":[{"start":{"line":98,"column":6},"end":{"line":100,"column":7}},{"start":{},"end":{}}],"line":98},"3":{"loc":{"start":{"line":102,"column":6},"end":{"line":104,"column":7}},"type":"if","locations":[{"start":{"line":102,"column":6},"end":{"line":104,"column":7}},{"start":{},"end":{}}],"line":102},"4":{"loc":{"start":{"line":127,"column":2},"end":{"line":129,"column":3}},"type":"if","locations":[{"start":{"line":127,"column":2},"end":{"line":129,"column":3}},{"start":{},"end":{}}],"line":127}},"s":{"0":1,"1":1,"2":1,"3":37,"4":37,"5":37,"6":13,"7":13,"8":13,"9":13,"10":13,"11":4,"12":9,"13":9,"14":0,"15":13,"16":11,"17":11,"18":3,"19":3,"20":6,"21":9,"22":4,"23":5,"24":5,"25":5,"26":3,"27":5,"28":2,"29":1,"30":1,"31":6,"32":2,"33":4,"34":37,"35":39,"36":39,"37":2,"38":37},"f":{"0":37,"1":13,"2":13,"3":11,"4":3,"5":6,"6":9,"7":5,"8":2,"9":4,"10":39},"b":{"0":[4,9],"1":[4,5],"2":[3,2],"3":[1,1],"4":[2,37]},"_coverageSchema":"1a1c01bbd47fc00a2c39e90264f33305004495a9","hash":"e19a19cb6e575521907fbe11278a39769be4b8c7"}
}
