{"C:\\Users\\danie\\code\\SRAD\\SRAD26_Group3\\contexts\\appointments-context.tsx": {"path":"C:\\Users\\danie\\code\\SRAD\\SRAD26_Group3\\contexts\\appointments-context.tsx","statementMap":{"0":{"start":{"line":23,"column":28},"end":{"line":23,"column":89}},"1":{"start":{"line":25,"column":25},"end":{"line":25,"column":49}},"2":{"start":{"line":27,"column":53},"end":{"line":60,"column":1}},"3":{"start":{"line":63,"column":47},"end":{"line":63,"column":83}},"4":{"start":{"line":64,"column":36},"end":{"line":64,"column":50}},"5":{"start":{"line":66,"column":2},"end":{"line":68,"column":9}},"6":{"start":{"line":67,"column":4},"end":{"line":67,"column":14}},"7":{"start":{"line":71,"column":4},"end":{"line":71,"column":23}},"8":{"start":{"line":72,"column":4},"end":{"line":84,"column":5}},"9":{"start":{"line":73,"column":21},"end":{"line":73,"column":65}},"10":{"start":{"line":74,"column":6},"end":{"line":79,"column":7}},"11":{"start":{"line":75,"column":8},"end":{"line":75,"column":49}},"12":{"start":{"line":77,"column":8},"end":{"line":77,"column":91}},"13":{"start":{"line":78,"column":8},"end":{"line":78,"column":51}},"14":{"start":{"line":81,"column":6},"end":{"line":81,"column":49}},"15":{"start":{"line":83,"column":6},"end":{"line":83,"column":26}},"16":{"start":{"line":88,"column":4},"end":{"line":88,"column":71}},"17":{"start":{"line":89,"column":4},"end":{"line":89,"column":31}},"18":{"start":{"line":92,"column":2},"end":{"line":98,"column":4}},"19":{"start":{"line":102,"column":18},"end":{"line":102,"column":49}},"20":{"start":{"line":103,"column":2},"end":{"line":105,"column":3}},"21":{"start":{"line":104,"column":4},"end":{"line":104,"column":83}},"22":{"start":{"line":106,"column":2},"end":{"line":106,"column":17}}},"fnMap":{"0":{"name":"AppointmentsProvider","decl":{"start":{"line":62,"column":16},"end":{"line":62,"column":36}},"loc":{"start":{"line":62,"column":82},"end":{"line":99,"column":1}},"line":62},"1":{"name":"(anonymous_1)","decl":{"start":{"line":66,"column":12},"end":{"line":66,"column":13}},"loc":{"start":{"line":66,"column":18},"end":{"line":68,"column":3}},"line":66},"2":{"name":"refresh","decl":{"start":{"line":70,"column":17},"end":{"line":70,"column":24}},"loc":{"start":{"line":70,"column":27},"end":{"line":85,"column":3}},"line":70},"3":{"name":"setAppointments","decl":{"start":{"line":87,"column":17},"end":{"line":87,"column":32}},"loc":{"start":{"line":87,"column":63},"end":{"line":90,"column":3}},"line":87},"4":{"name":"useAppointments","decl":{"start":{"line":101,"column":16},"end":{"line":101,"column":31}},"loc":{"start":{"line":101,"column":34},"end":{"line":107,"column":1}},"line":101}},"branchMap":{"0":{"loc":{"start":{"line":74,"column":6},"end":{"line":79,"column":7}},"type":"if","locations":[{"start":{"line":74,"column":6},"end":{"line":79,"column":7}},{"start":{"line":76,"column":13},"end":{"line":79,"column":7}}],"line":74},"1":{"loc":{"start":{"line":103,"column":2},"end":{"line":105,"column":3}},"type":"if","locations":[{"start":{"line":103,"column":2},"end":{"line":105,"column":3}},{"start":{},"end":{}}],"line":103}},"s":{"0":1,"1":1,"2":1,"3":2,"4":2,"5":2,"6":1,"7":1,"8":1,"9":1,"10":1,"11":0,"12":1,"13":1,"14":0,"15":1,"16":0,"17":0,"18":2,"19":2,"20":2,"21":0,"22":2},"f":{"0":2,"1":1,"2":1,"3":0,"4":2},"b":{"0":[0,1],"1":[0,2]},"_coverageSchema":"1a1c01bbd47fc00a2c39e90264f33305004495a9","hash":"dfd773addca736beea1430dc4553e57432b08a65"}
,"C:\\Users\\danie\\code\\SRAD\\SRAD26_Group3\\contexts\\auth-context.tsx": {"path":"C:\\Users\\danie\\code\\SRAD\\SRAD26_Group3\\contexts\\auth-context.tsx","statementMap":{"0":{"start":{"line":22,"column":20},"end":{"line":22,"column":73}},"1":{"start":{"line":24,"column":18},"end":{"line":24,"column":35}},"2":{"start":{"line":25,"column":25},"end":{"line":25,"column":49}},"3":{"start":{"line":28,"column":26},"end":{"line":28,"column":53}},"4":{"start":{"line":29,"column":36},"end":{"line":29,"column":50}},"5":{"start":{"line":31,"column":2},"end":{"line":33,"column":9}},"6":{"start":{"line":32,"column":4},"end":{"line":32,"column":21}},"7":{"start":{"line":36,"column":4},"end":{"line":45,"column":5}},"8":{"start":{"line":37,"column":21},"end":{"line":37,"column":65}},"9":{"start":{"line":38,"column":6},"end":{"line":40,"column":7}},"10":{"start":{"line":39,"column":8},"end":{"line":39,"column":36}},"11":{"start":{"line":44,"column":6},"end":{"line":44,"column":26}},"12":{"start":{"line":49,"column":16},"end":{"line":49,"column":53}},"13":{"start":{"line":50,"column":4},"end":{"line":50,"column":38}},"14":{"start":{"line":54,"column":28},"end":{"line":54,"column":54}},"15":{"start":{"line":56,"column":4},"end":{"line":58,"column":5}},"16":{"start":{"line":57,"column":6},"end":{"line":57,"column":76}},"17":{"start":{"line":60,"column":4},"end":{"line":62,"column":5}},"18":{"start":{"line":61,"column":6},"end":{"line":61,"column":64}},"19":{"start":{"line":64,"column":4},"end":{"line":66,"column":5}},"20":{"start":{"line":65,"column":6},"end":{"line":65,"column":42}},"21":{"start":{"line":68,"column":18},"end":{"line":68,"column":40}},"22":{"start":{"line":70,"column":4},"end":{"line":72,"column":5}},"23":{"start":{"line":71,"column":6},"end":{"line":71,"column":67}},"24":{"start":{"line":74,"column":4},"end":{"line":74,"column":67}},"25":{"start":{"line":75,"column":4},"end":{"line":75,"column":65}},"26":{"start":{"line":77,"column":26},"end":{"line":77,"column":77}},"27":{"start":{"line":78,"column":4},"end":{"line":78,"column":74}},"28":{"start":{"line":79,"column":4},"end":{"line":79,"column":21}},"29":{"start":{"line":83,"column":28},"end":{"line":83,"column":54}},"30":{"start":{"line":84,"column":18},"end":{"line":84,"column":40}},"31":{"start":{"line":85,"column":19},"end":{"line":85,"column":41}},"32":{"start":{"line":87,"column":4},"end":{"line":89,"column":5}},"33":{"start":{"line":88,"column":6},"end":{"line":88,"column":51}},"34":{"start":{"line":91,"column":31},"end":{"line":91,"column":95}},"35":{"start":{"line":92,"column":4},"end":{"line":92,"column":79}},"36":{"start":{"line":93,"column":4},"end":{"line":93,"column":26}},"37":{"start":{"line":97,"column":4},"end":{"line":97,"column":52}},"38":{"start":{"line":98,"column":4},"end":{"line":98,"column":18}},"39":{"start":{"line":102,"column":2},"end":{"line":102,"column":20}},"40":{"start":{"line":102,"column":13},"end":{"line":102,"column":20}},"41":{"start":{"line":104,"column":28},"end":{"line":104,"column":73}},"42":{"start":{"line":105,"column":2},"end":{"line":105,"column":76}},"43":{"start":{"line":106,"column":2},"end":{"line":106,"column":23}},"44":{"start":{"line":109,"column":2},"end":{"line":113,"column":4}},"45":{"start":{"line":117,"column":18},"end":{"line":117,"column":41}},"46":{"start":{"line":118,"column":2},"end":{"line":120,"column":3}},"47":{"start":{"line":119,"column":4},"end":{"line":119,"column":67}},"48":{"start":{"line":121,"column":2},"end":{"line":121,"column":17}}},"fnMap":{"0":{"name":"AuthProvider","decl":{"start":{"line":27,"column":16},"end":{"line":27,"column":28}},"loc":{"start":{"line":27,"column":74},"end":{"line":114,"column":1}},"line":27},"1":{"name":"(anonymous_1)","decl":{"start":{"line":31,"column":12},"end":{"line":31,"column":13}},"loc":{"start":{"line":31,"column":18},"end":{"line":33,"column":3}},"line":31},"2":{"name":"loadStoredUser","decl":{"start":{"line":35,"column":17},"end":{"line":35,"column":31}},"loc":{"start":{"line":35,"column":34},"end":{"line":46,"column":3}},"line":35},"3":{"name":"getStoredUsers","decl":{"start":{"line":48,"column":17},"end":{"line":48,"column":31}},"loc":{"start":{"line":48,"column":111},"end":{"line":51,"column":3}},"line":48},"4":{"name":"register","decl":{"start":{"line":53,"column":17},"end":{"line":53,"column":25}},"loc":{"start":{"line":53,"column":89},"end":{"line":80,"column":3}},"line":53},"5":{"name":"login","decl":{"start":{"line":82,"column":17},"end":{"line":82,"column":22}},"loc":{"start":{"line":82,"column":56},"end":{"line":94,"column":3}},"line":82},"6":{"name":"logout","decl":{"start":{"line":96,"column":17},"end":{"line":96,"column":23}},"loc":{"start":{"line":96,"column":26},"end":{"line":99,"column":3}},"line":96},"7":{"name":"selectTherapist","decl":{"start":{"line":101,"column":17},"end":{"line":101,"column":32}},"loc":{"start":{"line":101,"column":54},"end":{"line":107,"column":1}},"line":101},"8":{"name":"useAuth","decl":{"start":{"line":116,"column":16},"end":{"line":116,"column":23}},"loc":{"start":{"line":116,"column":26},"end":{"line":122,"column":1}},"line":116}},"branchMap":{"0":{"loc":{"start":{"line":38,"column":6},"end":{"line":40,"column":7}},"type":"if","locations":[{"start":{"line":38,"column":6},"end":{"line":40,"column":7}},{"start":{},"end":{}}],"line":38},"1":{"loc":{"start":{"line":50,"column":11},"end":{"line":50,"column":37}},"type":"cond-expr","locations":[{"start":{"line":50,"column":17},"end":{"line":50,"column":32}},{"start":{"line":50,"column":35},"end":{"line":50,"column":37}}],"line":50},"2":{"loc":{"start":{"line":56,"column":4},"end":{"line":58,"column":5}},"type":"if","locations":[{"start":{"line":56,"column":4},"end":{"line":58,"column":5}},{"start":{},"end":{}}],"line":56},"3":{"loc":{"start":{"line":60,"column":4},"end":{"line":62,"column":5}},"type":"if","locations":[{"start":{"line":60,"column":4},"end":{"line":62,"column":5}},{"start":{},"end":{}}],"line":60},"4":{"loc":{"start":{"line":64,"column":4},"end":{"line":66,"column":5}},"type":"if","locations":[{"start":{"line":64,"column":4},"end":{"line":66,"column":5}},{"start":{},"end":{}}],"line":64},"5":{"loc":{"start":{"line":70,"column":4},"end":{"line":72,"column":5}},"type":"if","locations":[{"start":{"line":70,"column":4},"end":{"line":72,"column":5}},{"start":{},"end":{}}],"line":70},"6":{"loc":{"start":{"line":87,"column":4},"end":{"line":89,"column":5}},"type":"if","locations":[{"start":{"line":87,"column":4},"end":{"line":89,"column":5}},{"start":{},"end":{}}],"line":87},"7":{"loc":{"start":{"line":87,"column":8},"end":{"line":87,"column":47}},"type":"binary-expr","locations":[{"start":{"line":87,"column":8},"end":{"line":87,"column":15}},{"start":{"line":87,"column":19},"end":{"line":87,"column":47}}],"line":87},"8":{"loc":{"start":{"line":102,"column":2},"end":{"line":102,"column":20}},"type":"if","locations":[{"start":{"line":102,"column":2},"end":{"line":102,"column":20}},{"start":{},"end":{}}],"line":102},"9":{"loc":{"start":{"line":118,"column":2},"end":{"line":120,"column":3}},"type":"if","locations":[{"start":{"line":118,"column":2},"end":{"line":120,"column":3}},{"start":{},"end":{}}],"line":118}},"s":{"0":1,"1":1,"2":1,"3":7,"4":7,"5":7,"6":2,"7":2,"8":2,"9":2,"10":0,"11":2,"12":2,"13":2,"14":3,"15":3,"16":1,"17":2,"18":1,"19":1,"20":0,"21":1,"22":1,"23":0,"24":1,"25":1,"26":1,"27":1,"28":1,"29":1,"30":1,"31":1,"32":1,"33":0,"34":1,"35":1,"36":1,"37":1,"38":1,"39":0,"40":0,"41":0,"42":0,"43":0,"44":7,"45":7,"46":7,"47":0,"48":7},"f":{"0":7,"1":2,"2":2,"3":2,"4":3,"5":1,"6":1,"7":0,"8":7},"b":{"0":[0,2],"1":[1,1],"2":[1,2],"3":[1,1],"4":[0,1],"5":[0,1],"6":[0,1],"7":[1,1],"8":[0,0],"9":[0,7]},"_coverageSchema":"1a1c01bbd47fc00a2c39e90264f33305004495a9","hash":"84161c7920510d7edd0dbe028aca1b811086ed3f"}
,"C:\\Users\\danie\\code\\SRAD\\SRAD26_Group3\\contexts\\availability-context.tsx": {"path":"C:\\Users\\danie\\code\\SRAD\\SRAD26_Group3\\contexts\\availability-context.tsx","statementMap":{"0":{"start":{"line":23,"column":20},"end":{"line":23,"column":44}},"1":{"start":{"line":25,"column":28},"end":{"line":25,"column":89}},"2":{"start":{"line":29,"column":28},"end":{"line":29,"column":52}},"3":{"start":{"line":30,"column":36},"end":{"line":30,"column":50}},"4":{"start":{"line":33,"column":2},"end":{"line":44,"column":9}},"5":{"start":{"line":34,"column":4},"end":{"line":43,"column":9}},"6":{"start":{"line":35,"column":6},"end":{"line":42,"column":7}},"7":{"start":{"line":36,"column":23},"end":{"line":36,"column":62}},"8":{"start":{"line":37,"column":8},"end":{"line":37,"column":49}},"9":{"start":{"line":37,"column":20},"end":{"line":37,"column":49}},"10":{"start":{"line":39,"column":8},"end":{"line":39,"column":56}},"11":{"start":{"line":41,"column":8},"end":{"line":41,"column":28}},"12":{"start":{"line":47,"column":18},"end":{"line":50,"column":3}},"13":{"start":{"line":48,"column":4},"end":{"line":48,"column":19}},"14":{"start":{"line":49,"column":4},"end":{"line":49,"column":66}},"15":{"start":{"line":53,"column":18},"end":{"line":65,"column":3}},"16":{"start":{"line":55,"column":32},"end":{"line":58,"column":7}},"17":{"start":{"line":59,"column":19},"end":{"line":61,"column":7}},"18":{"start":{"line":60,"column":18},"end":{"line":60,"column":88}},"19":{"start":{"line":62,"column":6},"end":{"line":62,"column":26}},"20":{"start":{"line":67,"column":21},"end":{"line":72,"column":3}},"21":{"start":{"line":69,"column":6},"end":{"line":69,"column":58}},"22":{"start":{"line":69,"column":40},"end":{"line":69,"column":55}},"23":{"start":{"line":75,"column":26},"end":{"line":79,"column":3}},"24":{"start":{"line":77,"column":6},"end":{"line":77,"column":81}},"25":{"start":{"line":77,"column":26},"end":{"line":77,"column":80}},"26":{"start":{"line":81,"column":25},"end":{"line":93,"column":3}},"27":{"start":{"line":83,"column":23},"end":{"line":83,"column":79}},"28":{"start":{"line":83,"column":43},"end":{"line":83,"column":78}},"29":{"start":{"line":84,"column":73},"end":{"line":84,"column":75}},"30":{"start":{"line":85,"column":6},"end":{"line":89,"column":7}},"31":{"start":{"line":86,"column":8},"end":{"line":88,"column":9}},"32":{"start":{"line":87,"column":10},"end":{"line":87,"column":62}},"33":{"start":{"line":90,"column":6},"end":{"line":90,"column":17}},"34":{"start":{"line":95,"column":2},"end":{"line":107,"column":4}},"35":{"start":{"line":111,"column":14},"end":{"line":111,"column":45}},"36":{"start":{"line":112,"column":2},"end":{"line":112,"column":88}},"37":{"start":{"line":112,"column":12},"end":{"line":112,"column":88}},"38":{"start":{"line":113,"column":2},"end":{"line":113,"column":13}}},"fnMap":{"0":{"name":"AvailabilityProvider","decl":{"start":{"line":28,"column":16},"end":{"line":28,"column":36}},"loc":{"start":{"line":28,"column":82},"end":{"line":108,"column":1}},"line":28},"1":{"name":"(anonymous_1)","decl":{"start":{"line":33,"column":12},"end":{"line":33,"column":13}},"loc":{"start":{"line":33,"column":18},"end":{"line":44,"column":3}},"line":33},"2":{"name":"(anonymous_2)","decl":{"start":{"line":34,"column":5},"end":{"line":34,"column":6}},"loc":{"start":{"line":34,"column":17},"end":{"line":43,"column":5}},"line":34},"3":{"name":"(anonymous_3)","decl":{"start":{"line":47,"column":18},"end":{"line":47,"column":19}},"loc":{"start":{"line":47,"column":46},"end":{"line":50,"column":3}},"line":47},"4":{"name":"(anonymous_4)","decl":{"start":{"line":54,"column":4},"end":{"line":54,"column":5}},"loc":{"start":{"line":54,"column":42},"end":{"line":63,"column":5}},"line":54},"5":{"name":"(anonymous_5)","decl":{"start":{"line":60,"column":8},"end":{"line":60,"column":9}},"loc":{"start":{"line":60,"column":18},"end":{"line":60,"column":88}},"line":60},"6":{"name":"(anonymous_6)","decl":{"start":{"line":68,"column":4},"end":{"line":68,"column":5}},"loc":{"start":{"line":68,"column":30},"end":{"line":70,"column":5}},"line":68},"7":{"name":"(anonymous_7)","decl":{"start":{"line":69,"column":33},"end":{"line":69,"column":34}},"loc":{"start":{"line":69,"column":40},"end":{"line":69,"column":55}},"line":69},"8":{"name":"(anonymous_8)","decl":{"start":{"line":76,"column":4},"end":{"line":76,"column":5}},"loc":{"start":{"line":77,"column":6},"end":{"line":77,"column":81}},"line":77},"9":{"name":"(anonymous_9)","decl":{"start":{"line":77,"column":19},"end":{"line":77,"column":20}},"loc":{"start":{"line":77,"column":26},"end":{"line":77,"column":80}},"line":77},"10":{"name":"(anonymous_10)","decl":{"start":{"line":82,"column":4},"end":{"line":82,"column":5}},"loc":{"start":{"line":82,"column":32},"end":{"line":91,"column":5}},"line":82},"11":{"name":"(anonymous_11)","decl":{"start":{"line":83,"column":36},"end":{"line":83,"column":37}},"loc":{"start":{"line":83,"column":43},"end":{"line":83,"column":78}},"line":83},"12":{"name":"useAvailability","decl":{"start":{"line":110,"column":16},"end":{"line":110,"column":31}},"loc":{"start":{"line":110,"column":34},"end":{"line":114,"column":1}},"line":110}},"branchMap":{"0":{"loc":{"start":{"line":37,"column":8},"end":{"line":37,"column":49}},"type":"if","locations":[{"start":{"line":37,"column":8},"end":{"line":37,"column":49}},{"start":{},"end":{}}],"line":37},"1":{"loc":{"start":{"line":60,"column":18},"end":{"line":60,"column":88}},"type":"binary-expr","locations":[{"start":{"line":60,"column":18},"end":{"line":60,"column":46}},{"start":{"line":60,"column":50},"end":{"line":60,"column":88}}],"line":60},"2":{"loc":{"start":{"line":77,"column":26},"end":{"line":77,"column":80}},"type":"binary-expr","locations":[{"start":{"line":77,"column":26},"end":{"line":77,"column":41}},{"start":{"line":77,"column":45},"end":{"line":77,"column":80}}],"line":77},"3":{"loc":{"start":{"line":86,"column":8},"end":{"line":88,"column":9}},"type":"if","locations":[{"start":{"line":86,"column":8},"end":{"line":88,"column":9}},{"start":{},"end":{}}],"line":86},"4":{"loc":{"start":{"line":112,"column":2},"end":{"line":112,"column":88}},"type":"if","locations":[{"start":{"line":112,"column":2},"end":{"line":112,"column":88}},{"start":{},"end":{}}],"line":112}},"s":{"0":1,"1":1,"2":4,"3":4,"4":4,"5":1,"6":1,"7":1,"8":1,"9":0,"10":0,"11":1,"12":4,"13":2,"14":2,"15":4,"16":1,"17":1,"18":0,"19":1,"20":4,"21":1,"22":1,"23":4,"24":2,"25":1,"26":4,"27":1,"28":1,"29":1,"30":1,"31":1,"32":1,"33":1,"34":4,"35":4,"36":4,"37":0,"38":4},"f":{"0":4,"1":1,"2":1,"3":2,"4":1,"5":0,"6":1,"7":1,"8":2,"9":1,"10":1,"11":1,"12":4},"b":{"0":[0,1],"1":[0,0],"2":[1,1],"3":[1,0],"4":[0,4]},"_coverageSchema":"1a1c01bbd47fc00a2c39e90264f33305004495a9","hash":"b2109eecfbda9fea0639dab1bfb060ba17004d97"}
,"C:\\Users\\danie\\code\\SRAD\\SRAD26_Group3\\contexts\\available-appointments-context.tsx": {"path":"C:\\Users\\danie\\code\\SRAD\\SRAD26_Group3\\contexts\\available-appointments-context.tsx","statementMap":{"0":{"start":{"line":17,"column":50},"end":{"line":72,"column":1}},"1":{"start":{"line":74,"column":37},"end":{"line":74,"column":107}},"2":{"start":{"line":77,"column":2},"end":{"line":81,"column":4}},"3":{"start":{"line":85,"column":18},"end":{"line":85,"column":58}},"4":{"start":{"line":86,"column":2},"end":{"line":88,"column":3}},"5":{"start":{"line":87,"column":4},"end":{"line":87,"column":101}},"6":{"start":{"line":89,"column":2},"end":{"line":89,"column":17}}},"fnMap":{"0":{"name":"AvailableAppointmentsProvider","decl":{"start":{"line":76,"column":16},"end":{"line":76,"column":45}},"loc":{"start":{"line":76,"column":91},"end":{"line":82,"column":1}},"line":76},"1":{"name":"useAvailableAppointments","decl":{"start":{"line":84,"column":16},"end":{"line":84,"column":40}},"loc":{"start":{"line":84,"column":43},"end":{"line":90,"column":1}},"line":84}},"branchMap":{"0":{"loc":{"start":{"line":86,"column":2},"end":{"line":88,"column":3}},"type":"if","locations":[{"start":{"line":86,"column":2},"end":{"line":88,"column":3}},{"start":{},"end":{}}],"line":86}},"s":{"0":1,"1":1,"2":1,"3":1,"4":1,"5":0,"6":1},"f":{"0":1,"1":1},"b":{"0":[0,1]},"_coverageSchema":"1a1c01bbd47fc00a2c39e90264f33305004495a9","hash":"971c12094b48b46d577dc6870b44b4920422ed3a"}
,"C:\\Users\\danie\\code\\SRAD\\SRAD26_Group3\\contexts\\workshops-context.tsx": {"path":"C:\\Users\\danie\\code\\SRAD\\SRAD26_Group3\\contexts\\workshops-context.tsx","statementMap":{"0":{"start":{"line":24,"column":25},"end":{"line":24,"column":83}},"1":{"start":{"line":26,"column":22},"end":{"line":26,"column":43}},"2":{"start":{"line":28,"column":38},"end":{"line":49,"column":1}},"3":{"start":{"line":52,"column":41},"end":{"line":52,"column":65}},"4":{"start":{"line":53,"column":36},"end":{"line":53,"column":50}},"5":{"start":{"line":55,"column":2},"end":{"line":57,"column":9}},"6":{"start":{"line":56,"column":4},"end":{"line":56,"column":14}},"7":{"start":{"line":60,"column":4},"end":{"line":60,"column":23}},"8":{"start":{"line":61,"column":4},"end":{"line":73,"column":5}},"9":{"start":{"line":62,"column":21},"end":{"line":62,"column":62}},"10":{"start":{"line":63,"column":6},"end":{"line":68,"column":7}},"11":{"start":{"line":64,"column":8},"end":{"line":64,"column":46}},"12":{"start":{"line":66,"column":8},"end":{"line":66,"column":85}},"13":{"start":{"line":67,"column":8},"end":{"line":67,"column":45}},"14":{"start":{"line":70,"column":6},"end":{"line":70,"column":43}},"15":{"start":{"line":72,"column":6},"end":{"line":72,"column":26}},"16":{"start":{"line":77,"column":4},"end":{"line":77,"column":68}},"17":{"start":{"line":78,"column":4},"end":{"line":78,"column":28}},"18":{"start":{"line":82,"column":27},"end":{"line":86,"column":5}},"19":{"start":{"line":88,"column":4},"end":{"line":88,"column":40}},"20":{"start":{"line":92,"column":17},"end":{"line":107,"column":6}},"21":{"start":{"line":93,"column":6},"end":{"line":93,"column":54}},"22":{"start":{"line":93,"column":38},"end":{"line":93,"column":54}},"23":{"start":{"line":95,"column":32},"end":{"line":95,"column":71}},"24":{"start":{"line":96,"column":21},"end":{"line":96,"column":75}},"25":{"start":{"line":98,"column":6},"end":{"line":100,"column":7}},"26":{"start":{"line":99,"column":8},"end":{"line":99,"column":95}},"27":{"start":{"line":99,"column":76},"end":{"line":99,"column":91}},"28":{"start":{"line":102,"column":6},"end":{"line":104,"column":7}},"29":{"start":{"line":103,"column":8},"end":{"line":103,"column":24}},"30":{"start":{"line":106,"column":6},"end":{"line":106,"column":78}},"31":{"start":{"line":109,"column":4},"end":{"line":109,"column":24}},"32":{"start":{"line":113,"column":4},"end":{"line":113,"column":64}},"33":{"start":{"line":113,"column":42},"end":{"line":113,"column":61}},"34":{"start":{"line":116,"column":2},"end":{"line":122,"column":4}},"35":{"start":{"line":126,"column":18},"end":{"line":126,"column":46}},"36":{"start":{"line":127,"column":2},"end":{"line":129,"column":3}},"37":{"start":{"line":128,"column":4},"end":{"line":128,"column":76}},"38":{"start":{"line":130,"column":2},"end":{"line":130,"column":17}}},"fnMap":{"0":{"name":"WorkshopsProvider","decl":{"start":{"line":51,"column":16},"end":{"line":51,"column":33}},"loc":{"start":{"line":51,"column":79},"end":{"line":123,"column":1}},"line":51},"1":{"name":"(anonymous_1)","decl":{"start":{"line":55,"column":12},"end":{"line":55,"column":13}},"loc":{"start":{"line":55,"column":18},"end":{"line":57,"column":3}},"line":55},"2":{"name":"refresh","decl":{"start":{"line":59,"column":17},"end":{"line":59,"column":24}},"loc":{"start":{"line":59,"column":27},"end":{"line":74,"column":3}},"line":59},"3":{"name":"persist","decl":{"start":{"line":76,"column":17},"end":{"line":76,"column":24}},"loc":{"start":{"line":76,"column":43},"end":{"line":79,"column":3}},"line":76},"4":{"name":"createWorkshop","decl":{"start":{"line":81,"column":17},"end":{"line":81,"column":31}},"loc":{"start":{"line":81,"column":79},"end":{"line":89,"column":3}},"line":81},"5":{"name":"toggleRegistration","decl":{"start":{"line":91,"column":17},"end":{"line":91,"column":35}},"loc":{"start":{"line":91,"column":75},"end":{"line":110,"column":3}},"line":91},"6":{"name":"(anonymous_6)","decl":{"start":{"line":92,"column":31},"end":{"line":92,"column":32}},"loc":{"start":{"line":92,"column":45},"end":{"line":107,"column":5}},"line":92},"7":{"name":"(anonymous_7)","decl":{"start":{"line":99,"column":69},"end":{"line":99,"column":70}},"loc":{"start":{"line":99,"column":76},"end":{"line":99,"column":91}},"line":99},"8":{"name":"removeWorkshop","decl":{"start":{"line":112,"column":17},"end":{"line":112,"column":31}},"loc":{"start":{"line":112,"column":52},"end":{"line":114,"column":3}},"line":112},"9":{"name":"(anonymous_9)","decl":{"start":{"line":113,"column":35},"end":{"line":113,"column":36}},"loc":{"start":{"line":113,"column":42},"end":{"line":113,"column":61}},"line":113},"10":{"name":"useWorkshops","decl":{"start":{"line":125,"column":16},"end":{"line":125,"column":28}},"loc":{"start":{"line":125,"column":31},"end":{"line":131,"column":1}},"line":125}},"branchMap":{"0":{"loc":{"start":{"line":63,"column":6},"end":{"line":68,"column":7}},"type":"if","locations":[{"start":{"line":63,"column":6},"end":{"line":68,"column":7}},{"start":{"line":65,"column":13},"end":{"line":68,"column":7}}],"line":63},"1":{"loc":{"start":{"line":93,"column":6},"end":{"line":93,"column":54}},"type":"if","locations":[{"start":{"line":93,"column":6},"end":{"line":93,"column":54}},{"start":{},"end":{}}],"line":93},"2":{"loc":{"start":{"line":98,"column":6},"end":{"line":100,"column":7}},"type":"if","locations":[{"start":{"line":98,"column":6},"end":{"line":100,"column":7}},{"start":{},"end":{}}],"line":98},"3":{"loc":{"start":{"line":102,"column":6},"end":{"line":104,"column":7}},"type":"if","locations":[{"start":{"line":102,"column":6},"end":{"line":104,"column":7}},{"start":{},"end":{}}],"line":102},"4":{"loc":{"start":{"line":127,"column":2},"end":{"line":129,"column":3}},"type":"if","locations":[{"start":{"line":127,"column":2},"end":{"line":129,"column":3}},{"start":{},"end":{}}],"line":127}},"s":{"0":1,"1":1,"2":1,"3":6,"4":6,"5":6,"6":2,"7":2,"8":2,"9":2,"10":2,"11":0,"12":2,"13":2,"14":0,"15":2,"16":2,"17":2,"18":1,"19":1,"20":0,"21":0,"22":0,"23":0,"24":0,"25":0,"26":0,"27":0,"28":0,"29":0,"30":0,"31":0,"32":1,"33":3,"34":6,"35":6,"36":6,"37":0,"38":6},"f":{"0":6,"1":2,"2":2,"3":2,"4":1,"5":0,"6":0,"7":0,"8":1,"9":3,"10":6},"b":{"0":[0,2],"1":[0,0],"2":[0,0],"3":[0,0],"4":[0,6]},"_coverageSchema":"1a1c01bbd47fc00a2c39e90264f33305004495a9","hash":"91c4ef39d39ec96bf7ac44ce3ead89c4280928a4"}
}
