TN:
SF:contexts\appointments-context.tsx
FN:62,AppointmentsProvider
FN:66,(anonymous_1)
FN:70,refresh
FN:87,setAppointments
FN:101,useAppointments
FNF:5
FNH:4
FNDA:2,AppointmentsProvider
FNDA:1,(anonymous_1)
FNDA:1,refresh
FNDA:0,setAppointments
FNDA:2,useAppointments
DA:23,1
DA:25,1
DA:27,1
DA:63,2
DA:64,2
DA:66,2
DA:67,1
DA:71,1
DA:72,1
DA:73,1
DA:74,1
DA:75,0
DA:77,1
DA:78,1
DA:81,0
DA:83,1
DA:88,0
DA:89,0
DA:92,2
DA:102,2
DA:103,2
DA:104,0
DA:106,2
LF:23
LH:18
BRDA:74,0,0,0
BRDA:74,0,1,1
BRDA:103,1,0,0
BRDA:103,1,1,2
BRF:4
BRH:2
end_of_record
TN:
SF:contexts\auth-context.tsx
FN:27,AuthProvider
FN:31,(anonymous_1)
FN:35,loadStoredUser
FN:48,getStoredUsers
FN:53,register
FN:82,login
FN:96,logout
FN:101,selectTherapist
FN:116,useAuth
FNF:9
FNH:8
FNDA:7,AuthProvider
FNDA:2,(anonymous_1)
FNDA:2,loadStoredUser
FNDA:2,getStoredUsers
FNDA:3,register
FNDA:1,login
FNDA:1,logout
FNDA:0,selectTherapist
FNDA:7,useAuth
DA:22,1
DA:24,1
DA:25,1
DA:28,7
DA:29,7
DA:31,7
DA:32,2
DA:36,2
DA:37,2
DA:38,2
DA:39,0
DA:44,2
DA:49,2
DA:50,2
DA:54,3
DA:56,3
DA:57,1
DA:60,2
DA:61,1
DA:64,1
DA:65,0
DA:68,1
DA:70,1
DA:71,0
DA:74,1
DA:75,1
DA:77,1
DA:78,1
DA:79,1
DA:83,1
DA:84,1
DA:85,1
DA:87,1
DA:88,0
DA:91,1
DA:92,1
DA:93,1
DA:97,1
DA:98,1
DA:102,0
DA:104,0
DA:105,0
DA:106,0
DA:109,7
DA:117,7
DA:118,7
DA:119,0
DA:121,7
LF:48
LH:39
BRDA:38,0,0,0
BRDA:38,0,1,2
BRDA:50,1,0,1
BRDA:50,1,1,1
BRDA:56,2,0,1
BRDA:56,2,1,2
BRDA:60,3,0,1
BRDA:60,3,1,1
BRDA:64,4,0,0
BRDA:64,4,1,1
BRDA:70,5,0,0
BRDA:70,5,1,1
BRDA:87,6,0,0
BRDA:87,6,1,1
BRDA:87,7,0,1
BRDA:87,7,1,1
BRDA:102,8,0,0
BRDA:102,8,1,0
BRDA:118,9,0,0
BRDA:118,9,1,7
BRF:20
BRH:13
end_of_record
TN:
SF:contexts\availability-context.tsx
FN:28,AvailabilityProvider
FN:33,(anonymous_1)
FN:34,(anonymous_2)
FN:47,(anonymous_3)
FN:54,(anonymous_4)
FN:60,(anonymous_5)
FN:68,(anonymous_6)
FN:69,(anonymous_7)
FN:76,(anonymous_8)
FN:77,(anonymous_9)
FN:82,(anonymous_10)
FN:83,(anonymous_11)
FN:110,useAvailability
FNF:13
FNH:12
FNDA:4,AvailabilityProvider
FNDA:1,(anonymous_1)
FNDA:1,(anonymous_2)
FNDA:2,(anonymous_3)
FNDA:1,(anonymous_4)
FNDA:0,(anonymous_5)
FNDA:1,(anonymous_6)
FNDA:1,(anonymous_7)
FNDA:2,(anonymous_8)
FNDA:1,(anonymous_9)
FNDA:1,(anonymous_10)
FNDA:1,(anonymous_11)
FNDA:4,useAvailability
DA:23,1
DA:25,1
DA:29,4
DA:30,4
DA:33,4
DA:34,1
DA:35,1
DA:36,1
DA:37,1
DA:39,0
DA:41,1
DA:47,4
DA:48,2
DA:49,2
DA:53,4
DA:55,1
DA:59,1
DA:60,0
DA:62,1
DA:67,4
DA:69,1
DA:75,4
DA:77,2
DA:81,4
DA:83,1
DA:84,1
DA:85,1
DA:86,1
DA:87,1
DA:90,1
DA:95,4
DA:111,4
DA:112,4
DA:113,4
LF:34
LH:32
BRDA:37,0,0,0
BRDA:37,0,1,1
BRDA:60,1,0,0
BRDA:60,1,1,0
BRDA:77,2,0,1
BRDA:77,2,1,1
BRDA:86,3,0,1
BRDA:86,3,1,0
BRDA:112,4,0,0
BRDA:112,4,1,4
BRF:10
BRH:5
end_of_record
TN:
SF:contexts\available-appointments-context.tsx
FN:76,AvailableAppointmentsProvider
FN:84,useAvailableAppointments
FNF:2
FNH:2
FNDA:1,AvailableAppointmentsProvider
FNDA:1,useAvailableAppointments
DA:17,1
DA:74,1
DA:77,1
DA:85,1
DA:86,1
DA:87,0
DA:89,1
LF:7
LH:6
BRDA:86,0,0,0
BRDA:86,0,1,1
BRF:2
BRH:1
end_of_record
TN:
SF:contexts\workshops-context.tsx
FN:51,WorkshopsProvider
FN:55,(anonymous_1)
FN:59,refresh
FN:76,persist
FN:81,createWorkshop
FN:91,toggleRegistration
FN:92,(anonymous_6)
FN:99,(anonymous_7)
FN:112,removeWorkshop
FN:113,(anonymous_9)
FN:125,useWorkshops
FNF:11
FNH:8
FNDA:6,WorkshopsProvider
FNDA:2,(anonymous_1)
FNDA:2,refresh
FNDA:2,persist
FNDA:1,createWorkshop
FNDA:0,toggleRegistration
FNDA:0,(anonymous_6)
FNDA:0,(anonymous_7)
FNDA:1,removeWorkshop
FNDA:3,(anonymous_9)
FNDA:6,useWorkshops
DA:24,1
DA:26,1
DA:28,1
DA:52,6
DA:53,6
DA:55,6
DA:56,2
DA:60,2
DA:61,2
DA:62,2
DA:63,2
DA:64,0
DA:66,2
DA:67,2
DA:70,0
DA:72,2
DA:77,2
DA:78,2
DA:82,1
DA:88,1
DA:92,0
DA:93,0
DA:95,0
DA:96,0
DA:98,0
DA:99,0
DA:102,0
DA:103,0
DA:106,0
DA:109,0
DA:113,3
DA:116,6
DA:126,6
DA:127,6
DA:128,0
DA:130,6
LF:36
LH:23
BRDA:63,0,0,0
BRDA:63,0,1,2
BRDA:93,1,0,0
BRDA:93,1,1,0
BRDA:98,2,0,0
BRDA:98,2,1,0
BRDA:102,3,0,0
BRDA:102,3,1,0
BRDA:127,4,0,0
BRDA:127,4,1,6
BRF:10
BRH:2
end_of_record
