TN:
SF:constants/therapists_list.ts
FNF:0
FNH:0
DA:8,1
LF:1
LH:1
BRF:0
BRH:0
end_of_record
TN:
SF:contexts/appointments-context.tsx
FN:62,AppointmentsProvider
FN:66,(anonymous_1)
FN:70,refresh
FN:87,setAppointments
FN:101,useAppointments
FNF:5
FNH:5
FNDA:20,AppointmentsProvider
FNDA:8,(anonymous_1)
FNDA:9,refresh
FNDA:3,setAppointments
FNDA:22,useAppointments
DA:23,1
DA:25,1
DA:27,1
DA:63,20
DA:64,20
DA:66,20
DA:67,8
DA:71,9
DA:72,9
DA:73,9
DA:74,9
DA:75,2
DA:77,7
DA:78,7
DA:81,0
DA:83,9
DA:88,3
DA:89,3
DA:92,20
DA:102,22
DA:103,22
DA:104,2
DA:106,20
LF:23
LH:22
BRDA:74,0,0,2
BRDA:74,0,1,7
BRDA:103,1,0,2
BRDA:103,1,1,20
BRF:4
BRH:4
end_of_record
TN:
SF:contexts/auth-context.tsx
FN:27,AuthProvider
FN:31,(anonymous_1)
FN:35,loadStoredUser
FN:48,getStoredUsers
FN:53,register
FN:82,login
FN:96,logout
FN:101,selectTherapist
FN:116,useAuth
FNF:9
FNH:9
FNDA:46,AuthProvider
FNDA:20,(anonymous_1)
FNDA:20,loadStoredUser
FNDA:20,getStoredUsers
FNDA:20,register
FNDA:4,login
FNDA:5,logout
FNDA:4,selectTherapist
FNDA:48,useAuth
DA:22,1
DA:24,1
DA:25,1
DA:28,46
DA:29,46
DA:31,46
DA:32,20
DA:36,20
DA:37,20
DA:38,20
DA:39,0
DA:44,20
DA:49,20
DA:50,20
DA:54,20
DA:56,20
DA:57,1
DA:60,19
DA:61,1
DA:64,18
DA:65,2
DA:68,16
DA:70,16
DA:71,1
DA:74,15
DA:75,15
DA:77,15
DA:78,15
DA:79,15
DA:83,4
DA:84,4
DA:85,4
DA:87,4
DA:88,2
DA:91,2
DA:92,2
DA:93,2
DA:97,5
DA:98,5
DA:102,4
DA:104,4
DA:105,4
DA:106,4
DA:109,46
DA:117,48
DA:118,48
DA:119,2
DA:121,46
LF:48
LH:47
BRDA:38,0,0,0
BRDA:38,0,1,20
BRDA:50,1,0,4
BRDA:50,1,1,16
BRDA:56,2,0,1
BRDA:56,2,1,19
BRDA:60,3,0,1
BRDA:60,3,1,18
BRDA:64,4,0,2
BRDA:64,4,1,16
BRDA:70,5,0,1
BRDA:70,5,1,15
BRDA:87,6,0,2
BRDA:87,6,1,2
BRDA:87,7,0,4
BRDA:87,7,1,3
BRDA:102,8,0,0
BRDA:102,8,1,4
BRDA:118,9,0,2
BRDA:118,9,1,46
BRF:20
BRH:18
end_of_record
TN:
SF:contexts/availability-context.tsx
FN:28,AvailabilityProvider
FN:33,(anonymous_1)
FN:34,(anonymous_2)
FN:47,(anonymous_3)
FN:54,(anonymous_4)
FN:60,(anonymous_5)
FN:68,(anonymous_6)
FN:69,(anonymous_7)
FN:76,(anonymous_8)
FN:77,(anonymous_9)
FN:82,(anonymous_10)
FN:83,(anonymous_11)
FN:110,useAvailability
FNF:13
FNH:13
FNDA:31,AvailabilityProvider
FNDA:11,(anonymous_1)
FNDA:11,(anonymous_2)
FNDA:9,(anonymous_3)
FNDA:7,(anonymous_4)
FNDA:6,(anonymous_5)
FNDA:2,(anonymous_6)
FNDA:3,(anonymous_7)
FNDA:2,(anonymous_8)
FNDA:4,(anonymous_9)
FNDA:3,(anonymous_10)
FNDA:7,(anonymous_11)
FNDA:33,useAvailability
DA:23,1
DA:25,1
DA:29,31
DA:30,31
DA:33,31
DA:34,11
DA:35,11
DA:36,11
DA:37,11
DA:39,0
DA:41,11
DA:47,31
DA:48,9
DA:49,9
DA:53,31
DA:55,7
DA:59,7
DA:60,6
DA:62,7
DA:67,31
DA:69,3
DA:75,31
DA:77,4
DA:81,31
DA:83,7
DA:84,3
DA:85,3
DA:86,6
DA:87,3
DA:90,3
DA:95,31
DA:111,33
DA:112,33
DA:113,31
LF:34
LH:33
BRDA:37,0,0,5
BRDA:37,0,1,6
BRDA:60,1,0,6
BRDA:60,1,1,2
BRDA:77,2,0,4
BRDA:77,2,1,3
BRDA:86,3,0,3
BRDA:86,3,1,3
BRDA:112,4,0,2
BRDA:112,4,1,31
BRF:10
BRH:10
end_of_record
TN:
SF:contexts/available-appointments-context.tsx
FN:76,AvailableAppointmentsProvider
FN:84,useAvailableAppointments
FNF:2
FNH:2
FNDA:15,AvailableAppointmentsProvider
FNDA:17,useAvailableAppointments
DA:17,1
DA:74,1
DA:77,15
DA:85,17
DA:86,17
DA:87,2
DA:89,15
LF:7
LH:7
BRDA:86,0,0,2
BRDA:86,0,1,15
BRF:2
BRH:2
end_of_record
TN:
SF:contexts/workshops-context.tsx
FN:51,WorkshopsProvider
FN:55,(anonymous_1)
FN:59,refresh
FN:76,persist
FN:81,createWorkshop
FN:91,toggleRegistration
FN:92,(anonymous_6)
FN:99,(anonymous_7)
FN:112,removeWorkshop
FN:113,(anonymous_9)
FN:125,useWorkshops
FNF:11
FNH:11
FNDA:37,WorkshopsProvider
FNDA:13,(anonymous_1)
FNDA:13,refresh
FNDA:11,persist
FNDA:3,createWorkshop
FNDA:6,toggleRegistration
FNDA:9,(anonymous_6)
FNDA:5,(anonymous_7)
FNDA:2,removeWorkshop
FNDA:4,(anonymous_9)
FNDA:39,useWorkshops
DA:24,1
DA:26,1
DA:28,1
DA:52,37
DA:53,37
DA:55,37
DA:56,13
DA:60,13
DA:61,13
DA:62,13
DA:63,13
DA:64,4
DA:66,9
DA:67,9
DA:70,0
DA:72,13
DA:77,11
DA:78,11
DA:82,3
DA:88,3
DA:92,6
DA:93,9
DA:95,5
DA:96,5
DA:98,5
DA:99,5
DA:102,2
DA:103,1
DA:106,1
DA:109,6
DA:113,4
DA:116,37
DA:126,39
DA:127,39
DA:128,2
DA:130,37
LF:36
LH:35
BRDA:63,0,0,4
BRDA:63,0,1,9
BRDA:93,1,0,4
BRDA:93,1,1,5
BRDA:98,2,0,3
BRDA:98,2,1,2
BRDA:102,3,0,1
BRDA:102,3,1,1
BRDA:127,4,0,2
BRDA:127,4,1,37
BRF:10
BRH:10
end_of_record
